Acquiring state lock. This may take a few moments...
[31m╷[0m[0m
[31m│[0m [0m[1m[31mError: [0m[0m[1mError acquiring the state lock[0m
[31m│[0m [0m
[31m│[0m [0m[0mError message: state blob is already locked
[31m│[0m [0mLock Info:
[31m│[0m [0m  ID:        2f12503d-ea61-50e9-7235-f1508383c555
[31m│[0m [0m  Path:      tfstate/votingapp-dev.tfstate
[31m│[0m [0m  Operation: OperationTypeApply
[31m│[0m [0m  Who:       DANIEL-MATAPI\Daniel Matapi@Daniel-Matapi
[31m│[0m [0m  Version:   1.13.3
[31m│[0m [0m  Created:   2026-01-31 14:24:41.3962685 +0000 UTC
[31m│[0m [0m  Info:      
[31m│[0m [0m
[31m│[0m [0m
[31m│[0m [0mTerraform acquires a state lock to protect the state from being written
[31m│[0m [0mby multiple users at the same time. Please resolve the issue above and try
[31m│[0m [0magain. For most commands, you can disable locking with the "-lock=false"
[31m│[0m [0mflag, but this is not recommended.
[31m╵[0m[0m
